1587279312208	mozrunner::runner	INFO	Running command: "C:\\Program Files (x86)\\Mozilla Firefox\\firefox.exe" "-marionette" "-foreground" "-no-remote" "-profile" "C:\\Users\\67438\\AppData\\Local\\Temp\\rust_mozprofileEEanNm"
1587279312879	addons.webextension.screenshots@mozilla.org	WARN	Loading extension 'screenshots@mozilla.org': Reading manifest: Invalid extension permission: mozillaAddons
1587279312880	addons.webextension.screenshots@mozilla.org	WARN	Loading extension 'screenshots@mozilla.org': Reading manifest: Invalid extension permission: telemetry
1587279312880	addons.webextension.screenshots@mozilla.org	WARN	Loading extension 'screenshots@mozilla.org': Reading manifest: Invalid extension permission: resource://pdf.js/
1587279312880	addons.webextension.screenshots@mozilla.org	WARN	Loading extension 'screenshots@mozilla.org': Reading manifest: Invalid extension permission: about:reader*
JavaScript error: undefined, line 14: Error: An unexpected error occurred
JavaScript error: moz-extension://ce0704e0-bc6a-4cc6-9f3c-a2bb632c8b2a/lib/picture_in_picture_overrides.js, line 15: Error: Incorrect argument types for pictureInPictureParent.setOverrides.
JavaScript error: resource:///modules/sessionstore/SessionStore.jsm, line 1325: uncaught exception: 2147746065
1587279314249	Marionette	INFO	Listening on port 64667
1587279314323	Marionette	WARN	TLS certificate errors will be ignored for this session
[Parent 16284, Gecko_IOThread] WARNING: pipe error: 109: file z:/task_1585934252/build/src/ipc/chromium/src/chrome/common/ipc_channel_win.cc, line 341
[Child 7848, Chrome_ChildThread] WARNING: pipe error: 109: file z:/task_1585934252/b[uild/src/ipc/chromiCum/src/chrome/common/ipc_channel_win.cc, line 341
hild 1172[8, Chrome_ChildThread] WARNING: pipe error: 109: file z:/task_1585934252/build/src/ipc/chromium/src/chrome/common/ipc_channel_win.cc, line 341
[Child[Parent 16284, Gecko_IOThread] WARNING: pipe error: 109: file z:/task_1585934252/build/src/ipc/chromium/src/chrome/common/ipc_channel_win.cc, line 341
[Child 6568, Chrome_ChildThread] WARNING: pipe error: 109: file z:/task_1585934252/build/src/ipc/chromium/src/chrome/common/ipc_channel_win.cc, line 341
[Child1587279319480	Marionette	INFO	Stopped listening on port 64667
[GPU 10792, Chr
###!!! [Child][RunMessage] Error: Channel closing: too late to send/recv, messages will be lost


###!!! [Child][MessageChannel::SendAndWait] Error: Channel error: cannot send/recv

1587282456446	mozrunner::runner	INFO	Running command: "C:\\Program Files (x86)\\Mozilla Firefox\\firefox.exe" "-marionette" "-foreground" "-no-remote" "-profile" "C:\\Users\\67438\\AppData\\Local\\Temp\\rust_mozprofileTDK2ji"
1587282457153	addons.webextension.screenshots@mozilla.org	WARN	Loading extension 'screenshots@mozilla.org': Reading manifest: Invalid extension permission: mozillaAddons
1587282457154	addons.webextension.screenshots@mozilla.org	WARN	Loading extension 'screenshots@mozilla.org': Reading manifest: Invalid extension permission: telemetry
1587282457154	addons.webextension.screenshots@mozilla.org	WARN	Loading extension 'screenshots@mozilla.org': Reading manifest: Invalid extension permission: resource://pdf.js/
1587282457154	addons.webextension.screenshots@mozilla.org	WARN	Loading extension 'screenshots@mozilla.org': Reading manifest: Invalid extension permission: about:reader*
JavaScript error: undefined, line 14: Error: An unexpected error occurred
JavaScript error: moz-extension://708a121c-4fc1-4590-aa17-1f8b0314ed6a/lib/picture_in_picture_overrides.js, line 15: Error: Incorrect argument types for pictureInPictureParent.setOverrides.
JavaScript error: resource:///modules/sessionstore/SessionStore.jsm, line 1325: uncaught exception: 2147746065
1587282458768	Marionette	INFO	Listening on port 64945
1587282459054	Marionette	WARN	TLS certificate errors will be ignored for this session
[Child 15556, Chrome_ChildThread] WARNING: pipe error: 109: file z:/task_1585934252/build/src/ipc/chromium/src/chrome/common/ipc_channel_win.cc, line 341
[Child 15556, Chrome_Chi[lChild 11736, Chrome_ChildThread] WARNING: pipe error: 109: file z:/task_1585934252/build/src/ipc/chromium/src/chrome/common/ipc_channel_win.cc, line 341
[Child 11736, C[Parent 4652, Gecko_IOThread] WARNING: pipe error: 109: file z:/task_1585934252/build/src/ipc/chromium/src/chrome/common/ipc_channel_win.cc, line 341
[Child 11392, Chrome_ChildThread] WARNING: pipe error: 109: file z:/task_1585934252/build/src/ipc/chromium/src/chrome/common/ipc_channel_win.cc, line 341
[Child 11392, Chro1587282464568	Marionette	INFO	Stopped listening on port 64945

###!!! [Child][RunMessage] Error: Channel closing: too late to send/recv, messages will be lost

[GPU 9640, Chrome_ChildTh
###!!! [Child][MessageChannel::SendAndWait] Error: Channel error: cannot send/recv

